[GIN-debug] [WARNING] Creating an Engine instance with the Logger and Recovery middleware already attached.

[GIN-debug] [WARNING] Running in "debug" mode. Switch to "release" mode in production.
 - using env:	export GIN_MODE=release
 - using code:	gin.SetMode(gin.ReleaseMode)

[GIN-debug] GET    /v1/timesheets/           --> be-timesheet/pkg/handler.(*timesheetHandler).GetAllTimesheets-fm (5 handlers)
[GIN-debug] GET    /v1/timesheets/:id_timesheet --> be-timesheet/pkg/handler.(*timesheetHandler).GetTimesheetByID-fm (5 handlers)
[GIN-debug] POST   /v1/timesheets/           --> be-timesheet/pkg/handler.(*timesheetHandler).AddTimesheet-fm (5 handlers)
[GIN-debug] PUT    /v1/timesheets/:id_timesheet --> be-timesheet/pkg/handler.(*timesheetHandler).UpdateTimesheet-fm (5 handlers)
[GIN-debug] DELETE /v1/timesheets/:id        --> be-timesheet/pkg/handler.(*timesheetHandler).DeleteTimesheet-fm (5 handlers)
[GIN-debug] GET    /v1/status/               --> be-timesheet/pkg/handler.(*statusHandler).GetAllStatus-fm (4 handlers)
[GIN-debug] GET    /v1/status/:id_status     --> be-timesheet/pkg/handler.(*statusHandler).GetStatusByID-fm (4 handlers)
[GIN-debug] GET    /v1/addfile/              --> be-timesheet/pkg/handler.(*timesheetHandler).GetAllTimesheets-fm (5 handlers)
[GIN-debug] GET    /v1/addfile/:id_file      --> be-timesheet/pkg/handler.(*timesheetHandler).GetTimesheetByID-fm (5 handlers)
[GIN-debug] POST   /v1/addfile/              --> be-timesheet/pkg/handler.(*timesheetHandler).AddTimesheet-fm (5 handlers)
[GIN-debug] PUT    /v1/addfile/:id_file      --> be-timesheet/pkg/handler.(*timesheetHandler).UpdateTimesheet-fm (5 handlers)
[GIN-debug] DELETE /v1/addfile/:id           --> be-timesheet/pkg/handler.(*timesheetHandler).DeleteTimesheet-fm (5 handlers)
[GIN-debug] GET    /v1/user/                 --> be-timesheet/pkg/handler.(*userHandler).GetAllUsers-fm (4 handlers)
[GIN-debug] GET    /v1/user/:user_id         --> be-timesheet/pkg/handler.(*userHandler).GetUserByID-fm (5 handlers)
[GIN-debug] POST   /v1/user/                 --> be-timesheet/pkg/handler.(*userHandler).RegisterUser-fm (4 handlers)
[GIN-debug] PUT    /v1/user/:user_id         --> be-timesheet/pkg/handler.(*userHandler).UpdateUser-fm (4 handlers)
[GIN-debug] DELETE /v1/user/:user_id         --> be-timesheet/pkg/handler.(*userHandler).DeleteUser-fm (4 handlers)
[GIN-debug] POST   /v1/user/login            --> be-timesheet/pkg/handler.(*userHandler).Login-fm (4 handlers)
[GIN-debug] GET    /v1/file/                 --> be-timesheet/pkg/handler.(*addFileHandler).GetAllFiles-fm (4 handlers)
[GIN-debug] GET    /v1/file/:file_id         --> be-timesheet/pkg/handler.(*addFileHandler).GetFileByID-fm (5 handlers)
[GIN-debug] POST   /v1/file/                 --> be-timesheet/pkg/handler.(*addFileHandler).AddNewFile-fm (5 handlers)
[GIN-debug] PUT    /v1/file/:file_id         --> be-timesheet/pkg/handler.(*addFileHandler).UpdateFile-fm (5 handlers)
[GIN-debug] DELETE /v1/file/:file_id         --> be-timesheet/pkg/handler.(*addFileHandler).DeleteFile-fm (5 handlers)
[GIN-debug] [WARNING] You trusted all proxies, this is NOT safe. We recommend you to set a value.
Please check https://pkg.go.dev/github.com/gin-gonic/gin#readme-don-t-trust-all-proxies for details.
[GIN-debug] Listening and serving HTTP on :8081
::1 - [Wed, 09 Mar 2022 10:52:15 +07] "OPTIONS /v1/user/login HTTP/1.1 204 35.0068ms "Mozilla/5.0 (Windows NT 10.0; Win64; x64) AppleWebKit/537.36 (KHTML, like Gecko) Chrome/99.0.4844.51 Safari/537.36" "
[GIN] 2022/03/09 - 10:52:15 | 204 |     74.7123ms |             ::1 | OPTIONS  "/v1/user/login"
::1 - [Wed, 09 Mar 2022 10:52:17 +07] "POST /v1/user/login HTTP/1.1 500 1.6439824s "Mozilla/5.0 (Windows NT 10.0; Win64; x64) AppleWebKit/537.36 (KHTML, like Gecko) Chrome/99.0.4844.51 Safari/537.36" "
[GIN] 2022/03/09 - 10:52:17 | 500 |    1.6439824s |             ::1 | POST     "/v1/user/login"
::1 - [Wed, 09 Mar 2022 10:52:47 +07] "OPTIONS /v1/user/login HTTP/1.1 204 0s "Mozilla/5.0 (Windows NT 10.0; Win64; x64) AppleWebKit/537.36 (KHTML, like Gecko) Chrome/99.0.4844.51 Safari/537.36" "
[GIN] 2022/03/09 - 10:52:47 | 204 |            0s |             ::1 | OPTIONS  "/v1/user/login"
::1 - [Wed, 09 Mar 2022 10:52:49 +07] "POST /v1/user/login HTTP/1.1 200 2.1689739s "Mozilla/5.0 (Windows NT 10.0; Win64; x64) AppleWebKit/537.36 (KHTML, like Gecko) Chrome/99.0.4844.51 Safari/537.36" "
[GIN] 2022/03/09 - 10:52:49 | 200 |    2.1689739s |             ::1 | POST     "/v1/user/login"
::1 - [Wed, 09 Mar 2022 10:52:51 +07] "OPTIONS /v1/timesheets HTTP/1.1 204 0s "Mozilla/5.0 (Windows NT 10.0; Win64; x64) AppleWebKit/537.36 (KHTML, like Gecko) Chrome/99.0.4844.51 Safari/537.36" "
[GIN] 2022/03/09 - 10:52:51 | 204 |            0s |             ::1 | OPTIONS  "/v1/timesheets"
[GIN-debug] redirecting request 301: /v1/timesheets/ --> /v1/timesheets/
::1 - [Wed, 09 Mar 2022 10:52:51 +07] "OPTIONS /v1/timesheets/ HTTP/1.1 204 0s "Mozilla/5.0 (Windows NT 10.0; Win64; x64) AppleWebKit/537.36 (KHTML, like Gecko) Chrome/99.0.4844.51 Safari/537.36" "
[GIN] 2022/03/09 - 10:52:51 | 204 |            0s |             ::1 | OPTIONS  "/v1/timesheets/"
::1 - [Wed, 09 Mar 2022 10:52:52 +07] "GET /v1/timesheets/ HTTP/1.1 200 841.721ms "Mozilla/5.0 (Windows NT 10.0; Win64; x64) AppleWebKit/537.36 (KHTML, like Gecko) Chrome/99.0.4844.51 Safari/537.36" "
[GIN] 2022/03/09 - 10:52:52 | 200 |     841.721ms |             ::1 | GET      "/v1/timesheets/"
[GIN-debug] redirecting request 301: /v1/status/ --> /v1/status/
::1 - [Wed, 09 Mar 2022 10:53:00 +07] "GET /v1/status/ HTTP/1.1 200 827.7887ms "Mozilla/5.0 (Windows NT 10.0; Win64; x64) AppleWebKit/537.36 (KHTML, like Gecko) Chrome/99.0.4844.51 Safari/537.36" "
[GIN] 2022/03/09 - 10:53:00 | 200 |    827.7887ms |             ::1 | GET      "/v1/status/"
::1 - [Wed, 09 Mar 2022 10:53:20 +07] "OPTIONS /v1/timesheets HTTP/1.1 204 0s "Mozilla/5.0 (Windows NT 10.0; Win64; x64) AppleWebKit/537.36 (KHTML, like Gecko) Chrome/99.0.4844.51 Safari/537.36" "
[GIN] 2022/03/09 - 10:53:20 | 204 |      1.0095ms |             ::1 | OPTIONS  "/v1/timesheets"
::1 - [Wed, 09 Mar 2022 10:53:20 +07] "OPTIONS /v1/file HTTP/1.1 204 0s "Mozilla/5.0 (Windows NT 10.0; Win64; x64) AppleWebKit/537.36 (KHTML, like Gecko) Chrome/99.0.4844.51 Safari/537.36" "
[GIN] 2022/03/09 - 10:53:20 | 204 |            0s |             ::1 | OPTIONS  "/v1/file"
[GIN-debug] redirecting request 307: /v1/timesheets/ --> /v1/timesheets/
[GIN-debug] redirecting request 307: /v1/file/ --> /v1/file/
::1 - [Wed, 09 Mar 2022 10:53:21 +07] "OPTIONS /v1/timesheets/ HTTP/1.1 204 0s "Mozilla/5.0 (Windows NT 10.0; Win64; x64) AppleWebKit/537.36 (KHTML, like Gecko) Chrome/99.0.4844.51 Safari/537.36" "
[GIN] 2022/03/09 - 10:53:21 | 204 |            0s |             ::1 | OPTIONS  "/v1/timesheets/"
::1 - [Wed, 09 Mar 2022 10:53:21 +07] "OPTIONS /v1/file/ HTTP/1.1 204 0s "Mozilla/5.0 (Windows NT 10.0; Win64; x64) AppleWebKit/537.36 (KHTML, like Gecko) Chrome/99.0.4844.51 Safari/537.36" "
[GIN] 2022/03/09 - 10:53:21 | 204 |      1.9971ms |             ::1 | OPTIONS  "/v1/file/"
[GIN-debug] error on parse multipart form array: no multipart boundary param in Content-Type
::1 - [Wed, 09 Mar 2022 10:53:21 +07] "POST /v1/file/ HTTP/1.1 400 62.9951ms "Mozilla/5.0 (Windows NT 10.0; Win64; x64) AppleWebKit/537.36 (KHTML, like Gecko) Chrome/99.0.4844.51 Safari/537.36" "
[GIN] 2022/03/09 - 10:53:21 | 400 |     62.9951ms |             ::1 | POST     "/v1/file/"
::1 - [Wed, 09 Mar 2022 10:53:21 +07] "POST /v1/timesheets/ HTTP/1.1 201 627.4807ms "Mozilla/5.0 (Windows NT 10.0; Win64; x64) AppleWebKit/537.36 (KHTML, like Gecko) Chrome/99.0.4844.51 Safari/537.36" "
[GIN] 2022/03/09 - 10:53:21 | 201 |    627.4807ms |             ::1 | POST     "/v1/timesheets/"
[GIN-debug] redirecting request 301: /v1/timesheets/ --> /v1/timesheets/
::1 - [Wed, 09 Mar 2022 10:53:22 +07] "GET /v1/timesheets/ HTTP/1.1 200 2.9902ms "Mozilla/5.0 (Windows NT 10.0; Win64; x64) AppleWebKit/537.36 (KHTML, like Gecko) Chrome/99.0.4844.51 Safari/537.36" "
[GIN] 2022/03/09 - 10:53:22 | 200 |      2.9902ms |             ::1 | GET      "/v1/timesheets/"
::1 - [Wed, 09 Mar 2022 10:56:12 +07] "OPTIONS /v1/timesheets HTTP/1.1 204 0s "Mozilla/5.0 (Windows NT 10.0; Win64; x64) AppleWebKit/537.36 (KHTML, like Gecko) Chrome/99.0.4844.51 Safari/537.36" "
[GIN] 2022/03/09 - 10:56:12 | 204 |            0s |             ::1 | OPTIONS  "/v1/timesheets"
[GIN-debug] redirecting request 307: /v1/timesheets/ --> /v1/timesheets/
::1 - [Wed, 09 Mar 2022 10:56:12 +07] "OPTIONS /v1/file HTTP/1.1 204 0s "Mozilla/5.0 (Windows NT 10.0; Win64; x64) AppleWebKit/537.36 (KHTML, like Gecko) Chrome/99.0.4844.51 Safari/537.36" "
[GIN] 2022/03/09 - 10:56:12 | 204 |           1ms |             ::1 | OPTIONS  "/v1/file"
[GIN-debug] redirecting request 307: /v1/file/ --> /v1/file/
::1 - [Wed, 09 Mar 2022 10:56:13 +07] "OPTIONS /v1/timesheets/ HTTP/1.1 204 0s "Mozilla/5.0 (Windows NT 10.0; Win64; x64) AppleWebKit/537.36 (KHTML, like Gecko) Chrome/99.0.4844.51 Safari/537.36" "
[GIN] 2022/03/09 - 10:56:13 | 204 |            0s |             ::1 | OPTIONS  "/v1/timesheets/"
::1 - [Wed, 09 Mar 2022 10:56:13 +07] "OPTIONS /v1/file/ HTTP/1.1 204 0s "Mozilla/5.0 (Windows NT 10.0; Win64; x64) AppleWebKit/537.36 (KHTML, like Gecko) Chrome/99.0.4844.51 Safari/537.36" "
[GIN] 2022/03/09 - 10:56:13 | 204 |            0s |             ::1 | OPTIONS  "/v1/file/"
[GIN-debug] error on parse multipart form array: no multipart boundary param in Content-Type
::1 - [Wed, 09 Mar 2022 10:56:13 +07] "POST /v1/file/ HTTP/1.1 400 991.2µs "Mozilla/5.0 (Windows NT 10.0; Win64; x64) AppleWebKit/537.36 (KHTML, like Gecko) Chrome/99.0.4844.51 Safari/537.36" "
[GIN] 2022/03/09 - 10:56:13 | 400 |      1.9956ms |             ::1 | POST     "/v1/file/"
::1 - [Wed, 09 Mar 2022 10:56:13 +07] "POST /v1/timesheets/ HTTP/1.1 400 193.2051ms "Mozilla/5.0 (Windows NT 10.0; Win64; x64) AppleWebKit/537.36 (KHTML, like Gecko) Chrome/99.0.4844.51 Safari/537.36" "
[GIN] 2022/03/09 - 10:56:13 | 400 |    193.2051ms |             ::1 | POST     "/v1/timesheets/"
::1 - [Wed, 09 Mar 2022 10:59:07 +07] "OPTIONS /v1/timesheets HTTP/1.1 204 0s "Mozilla/5.0 (Windows NT 10.0; Win64; x64) AppleWebKit/537.36 (KHTML, like Gecko) Chrome/99.0.4844.51 Safari/537.36" "
[GIN] 2022/03/09 - 10:59:07 | 204 |            0s |             ::1 | OPTIONS  "/v1/timesheets"
[GIN-debug] redirecting request 307: /v1/timesheets/ --> /v1/timesheets/
::1 - [Wed, 09 Mar 2022 10:59:07 +07] "OPTIONS /v1/file HTTP/1.1 204 0s "Mozilla/5.0 (Windows NT 10.0; Win64; x64) AppleWebKit/537.36 (KHTML, like Gecko) Chrome/99.0.4844.51 Safari/537.36" "
[GIN] 2022/03/09 - 10:59:07 | 204 |      1.0059ms |             ::1 | OPTIONS  "/v1/file"
[GIN-debug] redirecting request 307: /v1/file/ --> /v1/file/
::1 - [Wed, 09 Mar 2022 10:59:08 +07] "OPTIONS /v1/timesheets/ HTTP/1.1 204 0s "Mozilla/5.0 (Windows NT 10.0; Win64; x64) AppleWebKit/537.36 (KHTML, like Gecko) Chrome/99.0.4844.51 Safari/537.36" "
[GIN] 2022/03/09 - 10:59:08 | 204 |            0s |             ::1 | OPTIONS  "/v1/timesheets/"
::1 - [Wed, 09 Mar 2022 10:59:08 +07] "OPTIONS /v1/file/ HTTP/1.1 204 0s "Mozilla/5.0 (Windows NT 10.0; Win64; x64) AppleWebKit/537.36 (KHTML, like Gecko) Chrome/99.0.4844.51 Safari/537.36" "
[GIN] 2022/03/09 - 10:59:08 | 204 |            0s |             ::1 | OPTIONS  "/v1/file/"
[GIN-debug] error on parse multipart form array: no multipart boundary param in Content-Type
::1 - [Wed, 09 Mar 2022 10:59:08 +07] "POST /v1/file/ HTTP/1.1 400 1.0005ms "Mozilla/5.0 (Windows NT 10.0; Win64; x64) AppleWebKit/537.36 (KHTML, like Gecko) Chrome/99.0.4844.51 Safari/537.36" "
[GIN] 2022/03/09 - 10:59:08 | 400 |      1.0005ms |             ::1 | POST     "/v1/file/"
::1 - [Wed, 09 Mar 2022 10:59:08 +07] "POST /v1/timesheets/ HTTP/1.1 400 151.0023ms "Mozilla/5.0 (Windows NT 10.0; Win64; x64) AppleWebKit/537.36 (KHTML, like Gecko) Chrome/99.0.4844.51 Safari/537.36" "
[GIN] 2022/03/09 - 10:59:08 | 400 |    151.0023ms |             ::1 | POST     "/v1/timesheets/"
::1 - [Wed, 09 Mar 2022 10:59:44 +07] "OPTIONS /v1/timesheets HTTP/1.1 204 0s "Mozilla/5.0 (Windows NT 10.0; Win64; x64) AppleWebKit/537.36 (KHTML, like Gecko) Chrome/99.0.4844.51 Safari/537.36" "
[GIN] 2022/03/09 - 10:59:44 | 204 |            0s |             ::1 | OPTIONS  "/v1/timesheets"
::1 - [Wed, 09 Mar 2022 10:59:44 +07] "OPTIONS /v1/file HTTP/1.1 204 17.0044ms "Mozilla/5.0 (Windows NT 10.0; Win64; x64) AppleWebKit/537.36 (KHTML, like Gecko) Chrome/99.0.4844.51 Safari/537.36" "
[GIN] 2022/03/09 - 10:59:44 | 204 |     36.0016ms |             ::1 | OPTIONS  "/v1/file"
[GIN-debug] redirecting request 307: /v1/timesheets/ --> /v1/timesheets/
[GIN-debug] redirecting request 307: /v1/file/ --> /v1/file/
::1 - [Wed, 09 Mar 2022 10:59:44 +07] "OPTIONS /v1/timesheets/ HTTP/1.1 204 0s "Mozilla/5.0 (Windows NT 10.0; Win64; x64) AppleWebKit/537.36 (KHTML, like Gecko) Chrome/99.0.4844.51 Safari/537.36" "
[GIN] 2022/03/09 - 10:59:44 | 204 |            0s |             ::1 | OPTIONS  "/v1/timesheets/"
::1 - [Wed, 09 Mar 2022 10:59:44 +07] "OPTIONS /v1/file/ HTTP/1.1 204 0s "Mozilla/5.0 (Windows NT 10.0; Win64; x64) AppleWebKit/537.36 (KHTML, like Gecko) Chrome/99.0.4844.51 Safari/537.36" "
[GIN] 2022/03/09 - 10:59:44 | 204 |            0s |             ::1 | OPTIONS  "/v1/file/"
[GIN-debug] error on parse multipart form array: no multipart boundary param in Content-Type
::1 - [Wed, 09 Mar 2022 10:59:44 +07] "POST /v1/timesheets/ HTTP/1.1 400 1.0054ms "Mozilla/5.0 (Windows NT 10.0; Win64; x64) AppleWebKit/537.36 (KHTML, like Gecko) Chrome/99.0.4844.51 Safari/537.36" "
[GIN] 2022/03/09 - 10:59:44 | 400 |      1.0054ms |             ::1 | POST     "/v1/timesheets/"
::1 - [Wed, 09 Mar 2022 10:59:44 +07] "POST /v1/file/ HTTP/1.1 400 1.0054ms "Mozilla/5.0 (Windows NT 10.0; Win64; x64) AppleWebKit/537.36 (KHTML, like Gecko) Chrome/99.0.4844.51 Safari/537.36" "
[GIN] 2022/03/09 - 10:59:44 | 400 |      1.0054ms |             ::1 | POST     "/v1/file/"
::1 - [Wed, 09 Mar 2022 11:02:02 +07] "GET /v1/status/ HTTP/1.1 200 14.8588513s "Mozilla/5.0 (Windows NT 10.0; Win64; x64) AppleWebKit/537.36 (KHTML, like Gecko) Chrome/99.0.4844.51 Safari/537.36" "
[GIN] 2022/03/09 - 11:02:02 | 200 |   14.8588513s |             ::1 | GET      "/v1/status/"
::1 - [Wed, 09 Mar 2022 11:02:34 +07] "OPTIONS /v1/timesheets HTTP/1.1 204 0s "Mozilla/5.0 (Windows NT 10.0; Win64; x64) AppleWebKit/537.36 (KHTML, like Gecko) Chrome/99.0.4844.51 Safari/537.36" "
[GIN] 2022/03/09 - 11:02:34 | 204 |            0s |             ::1 | OPTIONS  "/v1/timesheets"
[GIN-debug] redirecting request 301: /v1/timesheets/ --> /v1/timesheets/
::1 - [Wed, 09 Mar 2022 11:02:35 +07] "OPTIONS /v1/timesheets/ HTTP/1.1 204 0s "Mozilla/5.0 (Windows NT 10.0; Win64; x64) AppleWebKit/537.36 (KHTML, like Gecko) Chrome/99.0.4844.51 Safari/537.36" "
[GIN] 2022/03/09 - 11:02:35 | 204 |            0s |             ::1 | OPTIONS  "/v1/timesheets/"
::1 - [Wed, 09 Mar 2022 11:02:36 +07] "GET /v1/timesheets/ HTTP/1.1 401 284.2966ms "Mozilla/5.0 (Windows NT 10.0; Win64; x64) AppleWebKit/537.36 (KHTML, like Gecko) Chrome/99.0.4844.51 Safari/537.36" "
[GIN] 2022/03/09 - 11:02:36 | 401 |    284.2966ms |             ::1 | GET      "/v1/timesheets/"
::1 - [Wed, 09 Mar 2022 11:03:19 +07] "OPTIONS /v1/user/login HTTP/1.1 204 0s "Mozilla/5.0 (Windows NT 10.0; Win64; x64) AppleWebKit/537.36 (KHTML, like Gecko) Chrome/99.0.4844.51 Safari/537.36" "
[GIN] 2022/03/09 - 11:03:19 | 204 |            0s |             ::1 | OPTIONS  "/v1/user/login"
::1 - [Wed, 09 Mar 2022 11:03:20 +07] "POST /v1/user/login HTTP/1.1 200 845.36ms "Mozilla/5.0 (Windows NT 10.0; Win64; x64) AppleWebKit/537.36 (KHTML, like Gecko) Chrome/99.0.4844.51 Safari/537.36" "
[GIN] 2022/03/09 - 11:03:20 | 200 |      845.36ms |             ::1 | POST     "/v1/user/login"
::1 - [Wed, 09 Mar 2022 11:03:21 +07] "OPTIONS /v1/timesheets HTTP/1.1 204 0s "Mozilla/5.0 (Windows NT 10.0; Win64; x64) AppleWebKit/537.36 (KHTML, like Gecko) Chrome/99.0.4844.51 Safari/537.36" "
[GIN] 2022/03/09 - 11:03:21 | 204 |      1.0018ms |             ::1 | OPTIONS  "/v1/timesheets"
::1 - [Wed, 09 Mar 2022 11:03:22 +07] "OPTIONS /v1/timesheets/ HTTP/1.1 204 0s "Mozilla/5.0 (Windows NT 10.0; Win64; x64) AppleWebKit/537.36 (KHTML, like Gecko) Chrome/99.0.4844.51 Safari/537.36" "
[GIN] 2022/03/09 - 11:03:22 | 204 |      1.9672ms |             ::1 | OPTIONS  "/v1/timesheets/"
::1 - [Wed, 09 Mar 2022 11:03:22 +07] "GET /v1/timesheets/ HTTP/1.1 200 397.8969ms "Mozilla/5.0 (Windows NT 10.0; Win64; x64) AppleWebKit/537.36 (KHTML, like Gecko) Chrome/99.0.4844.51 Safari/537.36" "
[GIN] 2022/03/09 - 11:03:22 | 200 |    397.8969ms |             ::1 | GET      "/v1/timesheets/"
::1 - [Wed, 09 Mar 2022 11:03:37 +07] "GET /v1/status/ HTTP/1.1 200 0s "Mozilla/5.0 (Windows NT 10.0; Win64; x64) AppleWebKit/537.36 (KHTML, like Gecko) Chrome/99.0.4844.51 Safari/537.36" "
[GIN] 2022/03/09 - 11:03:37 | 200 |            0s |             ::1 | GET      "/v1/status/"
::1 - [Wed, 09 Mar 2022 11:03:45 +07] "OPTIONS /v1/timesheets HTTP/1.1 204 0s "Mozilla/5.0 (Windows NT 10.0; Win64; x64) AppleWebKit/537.36 (KHTML, like Gecko) Chrome/99.0.4844.51 Safari/537.36" "
[GIN] 2022/03/09 - 11:03:45 | 204 |            0s |             ::1 | OPTIONS  "/v1/timesheets"
[GIN-debug] redirecting request 307: /v1/timesheets/ --> /v1/timesheets/
::1 - [Wed, 09 Mar 2022 11:03:45 +07] "OPTIONS /v1/timesheets/ HTTP/1.1 204 0s "Mozilla/5.0 (Windows NT 10.0; Win64; x64) AppleWebKit/537.36 (KHTML, like Gecko) Chrome/99.0.4844.51 Safari/537.36" "
[GIN] 2022/03/09 - 11:03:45 | 204 |            0s |             ::1 | OPTIONS  "/v1/timesheets/"
::1 - [Wed, 09 Mar 2022 11:03:46 +07] "POST /v1/timesheets/ HTTP/1.1 201 300.7717ms "Mozilla/5.0 (Windows NT 10.0; Win64; x64) AppleWebKit/537.36 (KHTML, like Gecko) Chrome/99.0.4844.51 Safari/537.36" "
[GIN] 2022/03/09 - 11:03:46 | 201 |    301.7792ms |             ::1 | POST     "/v1/timesheets/"
[GIN-debug] redirecting request 301: /v1/timesheets/ --> /v1/timesheets/
::1 - [Wed, 09 Mar 2022 11:03:47 +07] "GET /v1/timesheets/ HTTP/1.1 200 31.9994ms "Mozilla/5.0 (Windows NT 10.0; Win64; x64) AppleWebKit/537.36 (KHTML, like Gecko) Chrome/99.0.4844.51 Safari/537.36" "
[GIN] 2022/03/09 - 11:03:47 | 200 |     33.0007ms |             ::1 | GET      "/v1/timesheets/"
::1 - [Wed, 09 Mar 2022 11:33:17 +07] "POST /v1/user/login HTTP/1.1 200 2.7820748s "PostmanRuntime/7.26.8" "
[GIN] 2022/03/09 - 11:33:17 | 200 |    2.8121153s |             ::1 | POST     "/v1/user/login"
[GIN-debug] redirecting request 301: /v1/timesheets/ --> /v1/timesheets/
::1 - [Wed, 09 Mar 2022 11:34:02 +07] "GET /v1/timesheets/ HTTP/1.1 200 99.8958ms "PostmanRuntime/7.26.8" "
[GIN] 2022/03/09 - 11:34:02 | 200 |     99.8958ms |             ::1 | GET      "/v1/timesheets/"
::1 - [Wed, 09 Mar 2022 11:34:31 +07] "DELETE /v1/timesheets/17 HTTP/1.1 401 28.0303ms "PostmanRuntime/7.26.8" "
[GIN] 2022/03/09 - 11:34:31 | 401 |     28.0303ms |             ::1 | DELETE   "/v1/timesheets/17"
::1 - [Wed, 09 Mar 2022 11:34:40 +07] "DELETE /v1/timesheets/17 HTTP/1.1 200 786.5687ms "PostmanRuntime/7.26.8" "
[GIN] 2022/03/09 - 11:34:40 | 200 |    787.5669ms |             ::1 | DELETE   "/v1/timesheets/17"
::1 - [Wed, 09 Mar 2022 11:34:45 +07] "DELETE /v1/timesheets/18 HTTP/1.1 200 9.6244ms "PostmanRuntime/7.26.8" "
[GIN] 2022/03/09 - 11:34:45 | 200 |      9.6244ms |             ::1 | DELETE   "/v1/timesheets/18"
::1 - [Wed, 09 Mar 2022 11:34:57 +07] "DELETE /v1/timesheets/19 HTTP/1.1 200 5.9612ms "PostmanRuntime/7.26.8" "
[GIN] 2022/03/09 - 11:34:57 | 200 |      5.9612ms |             ::1 | DELETE   "/v1/timesheets/19"
::1 - [Wed, 09 Mar 2022 11:35:01 +07] "DELETE /v1/timesheets/20 HTTP/1.1 200 20.2361ms "PostmanRuntime/7.26.8" "
[GIN] 2022/03/09 - 11:35:01 | 200 |      20.351ms |             ::1 | DELETE   "/v1/timesheets/20"
::1 - [Wed, 09 Mar 2022 11:35:06 +07] "DELETE /v1/timesheets/21 HTTP/1.1 200 20.5157ms "PostmanRuntime/7.26.8" "
[GIN] 2022/03/09 - 11:35:06 | 200 |     20.5157ms |             ::1 | DELETE   "/v1/timesheets/21"
::1 - [Wed, 09 Mar 2022 11:35:10 +07] "DELETE /v1/timesheets/22 HTTP/1.1 200 26.3915ms "PostmanRuntime/7.26.8" "
[GIN] 2022/03/09 - 11:35:10 | 200 |     27.7245ms |             ::1 | DELETE   "/v1/timesheets/22"
::1 - [Wed, 09 Mar 2022 11:35:20 +07] "DELETE /v1/timesheets/23 HTTP/1.1 200 18.4275ms "PostmanRuntime/7.26.8" "
[GIN] 2022/03/09 - 11:35:20 | 200 |     18.4275ms |             ::1 | DELETE   "/v1/timesheets/23"
::1 - [Wed, 09 Mar 2022 11:35:24 +07] "DELETE /v1/timesheets/24 HTTP/1.1 200 34.9935ms "PostmanRuntime/7.26.8" "
[GIN] 2022/03/09 - 11:35:24 | 200 |     34.9935ms |             ::1 | DELETE   "/v1/timesheets/24"
::1 - [Wed, 09 Mar 2022 11:35:28 +07] "DELETE /v1/timesheets/25 HTTP/1.1 200 43.4282ms "PostmanRuntime/7.26.8" "
[GIN] 2022/03/09 - 11:35:28 | 200 |     43.4282ms |             ::1 | DELETE   "/v1/timesheets/25"
::1 - [Wed, 09 Mar 2022 11:35:31 +07] "DELETE /v1/timesheets/26 HTTP/1.1 200 56.7299ms "PostmanRuntime/7.26.8" "
[GIN] 2022/03/09 - 11:35:31 | 200 |      60.019ms |             ::1 | DELETE   "/v1/timesheets/26"
::1 - [Wed, 09 Mar 2022 11:35:42 +07] "DELETE /v1/timesheets/27 HTTP/1.1 200 31.9531ms "PostmanRuntime/7.26.8" "
[GIN] 2022/03/09 - 11:35:42 | 200 |     31.9531ms |             ::1 | DELETE   "/v1/timesheets/27"
::1 - [Wed, 09 Mar 2022 11:35:46 +07] "DELETE /v1/timesheets/28 HTTP/1.1 200 5.1317ms "PostmanRuntime/7.26.8" "
[GIN] 2022/03/09 - 11:35:46 | 200 |      5.1317ms |             ::1 | DELETE   "/v1/timesheets/28"
::1 - [Wed, 09 Mar 2022 11:35:49 +07] "DELETE /v1/timesheets/29 HTTP/1.1 200 49.9473ms "PostmanRuntime/7.26.8" "
[GIN] 2022/03/09 - 11:35:49 | 200 |     49.9473ms |             ::1 | DELETE   "/v1/timesheets/29"
::1 - [Wed, 09 Mar 2022 11:35:53 +07] "DELETE /v1/timesheets/30 HTTP/1.1 200 39.0529ms "PostmanRuntime/7.26.8" "
[GIN] 2022/03/09 - 11:35:53 | 200 |     39.0529ms |             ::1 | DELETE   "/v1/timesheets/30"
::1 - [Wed, 09 Mar 2022 11:36:00 +07] "DELETE /v1/timesheets/31 HTTP/1.1 200 50.218ms "PostmanRuntime/7.26.8" "
[GIN] 2022/03/09 - 11:36:00 | 200 |      50.218ms |             ::1 | DELETE   "/v1/timesheets/31"
::1 - [Wed, 09 Mar 2022 11:36:04 +07] "DELETE /v1/timesheets/32 HTTP/1.1 200 102.9682ms "PostmanRuntime/7.26.8" "
[GIN] 2022/03/09 - 11:36:04 | 200 |    102.9682ms |             ::1 | DELETE   "/v1/timesheets/32"
[GIN-debug] redirecting request 301: /v1/timesheets/ --> /v1/timesheets/
::1 - [Wed, 09 Mar 2022 11:36:08 +07] "GET /v1/timesheets/ HTTP/1.1 200 5.5855ms "PostmanRuntime/7.26.8" "
[GIN] 2022/03/09 - 11:36:08 | 200 |      5.5855ms |             ::1 | GET      "/v1/timesheets/"
::1 - [Wed, 09 Mar 2022 11:37:02 +07] "OPTIONS /v1/user/login HTTP/1.1 204 0s "Mozilla/5.0 (Windows NT 10.0; Win64; x64) AppleWebKit/537.36 (KHTML, like Gecko) Chrome/99.0.4844.51 Safari/537.36" "
[GIN] 2022/03/09 - 11:37:02 | 204 |            0s |             ::1 | OPTIONS  "/v1/user/login"
::1 - [Wed, 09 Mar 2022 11:37:02 +07] "POST /v1/user/login HTTP/1.1 200 438.5281ms "Mozilla/5.0 (Windows NT 10.0; Win64; x64) AppleWebKit/537.36 (KHTML, like Gecko) Chrome/99.0.4844.51 Safari/537.36" "
[GIN] 2022/03/09 - 11:37:02 | 200 |    438.5281ms |             ::1 | POST     "/v1/user/login"
::1 - [Wed, 09 Mar 2022 11:37:03 +07] "OPTIONS /v1/timesheets HTTP/1.1 204 0s "Mozilla/5.0 (Windows NT 10.0; Win64; x64) AppleWebKit/537.36 (KHTML, like Gecko) Chrome/99.0.4844.51 Safari/537.36" "
[GIN] 2022/03/09 - 11:37:03 | 204 |            0s |             ::1 | OPTIONS  "/v1/timesheets"
::1 - [Wed, 09 Mar 2022 11:37:04 +07] "OPTIONS /v1/timesheets/ HTTP/1.1 204 0s "Mozilla/5.0 (Windows NT 10.0; Win64; x64) AppleWebKit/537.36 (KHTML, like Gecko) Chrome/99.0.4844.51 Safari/537.36" "
[GIN] 2022/03/09 - 11:37:04 | 204 |            0s |             ::1 | OPTIONS  "/v1/timesheets/"
::1 - [Wed, 09 Mar 2022 11:37:04 +07] "GET /v1/timesheets/ HTTP/1.1 200 8.2854ms "Mozilla/5.0 (Windows NT 10.0; Win64; x64) AppleWebKit/537.36 (KHTML, like Gecko) Chrome/99.0.4844.51 Safari/537.36" "
[GIN] 2022/03/09 - 11:37:04 | 200 |      8.2854ms |             ::1 | GET      "/v1/timesheets/"
::1 - [Wed, 09 Mar 2022 13:21:00 +07] "OPTIONS /v1/user/login HTTP/1.1 204 27.0116ms "Mozilla/5.0 (Windows NT 10.0; Win64; x64) AppleWebKit/537.36 (KHTML, like Gecko) Chrome/99.0.4844.51 Safari/537.36" "
[GIN] 2022/03/09 - 13:21:00 | 204 |    119.1578ms |             ::1 | OPTIONS  "/v1/user/login"
::1 - [Wed, 09 Mar 2022 13:21:12 +07] "POST /v1/user/login HTTP/1.1 200 11.6468772s "Mozilla/5.0 (Windows NT 10.0; Win64; x64) AppleWebKit/537.36 (KHTML, like Gecko) Chrome/99.0.4844.51 Safari/537.36" "
[GIN] 2022/03/09 - 13:21:12 | 200 |   11.6468772s |             ::1 | POST     "/v1/user/login"
::1 - [Wed, 09 Mar 2022 13:21:13 +07] "OPTIONS /v1/timesheets HTTP/1.1 204 0s "Mozilla/5.0 (Windows NT 10.0; Win64; x64) AppleWebKit/537.36 (KHTML, like Gecko) Chrome/99.0.4844.51 Safari/537.36" "
[GIN] 2022/03/09 - 13:21:13 | 204 |            0s |             ::1 | OPTIONS  "/v1/timesheets"
::1 - [Wed, 09 Mar 2022 13:21:13 +07] "OPTIONS /v1/timesheets/ HTTP/1.1 204 0s "Mozilla/5.0 (Windows NT 10.0; Win64; x64) AppleWebKit/537.36 (KHTML, like Gecko) Chrome/99.0.4844.51 Safari/537.36" "
[GIN] 2022/03/09 - 13:21:13 | 204 |            0s |             ::1 | OPTIONS  "/v1/timesheets/"
::1 - [Wed, 09 Mar 2022 13:21:15 +07] "GET /v1/timesheets/ HTTP/1.1 200 1.4908144s "Mozilla/5.0 (Windows NT 10.0; Win64; x64) AppleWebKit/537.36 (KHTML, like Gecko) Chrome/99.0.4844.51 Safari/537.36" "
[GIN] 2022/03/09 - 13:21:15 | 200 |    1.4908144s |             ::1 | GET      "/v1/timesheets/"
::1 - [Wed, 09 Mar 2022 13:23:08 +07] "OPTIONS /v1/file HTTP/1.1 204 0s "Mozilla/5.0 (Windows NT 10.0; Win64; x64) AppleWebKit/537.36 (KHTML, like Gecko) Chrome/99.0.4844.51 Safari/537.36" "
[GIN] 2022/03/09 - 13:23:08 | 204 |            0s |             ::1 | OPTIONS  "/v1/file"
[GIN-debug] redirecting request 307: /v1/file/ --> /v1/file/
::1 - [Wed, 09 Mar 2022 13:23:09 +07] "OPTIONS /v1/file/ HTTP/1.1 204 0s "Mozilla/5.0 (Windows NT 10.0; Win64; x64) AppleWebKit/537.36 (KHTML, like Gecko) Chrome/99.0.4844.51 Safari/537.36" "
[GIN] 2022/03/09 - 13:23:09 | 204 |     36.0318ms |             ::1 | OPTIONS  "/v1/file/"
[GIN-debug] error on parse multipart form array: no multipart boundary param in Content-Type
::1 - [Wed, 09 Mar 2022 13:23:09 +07] "POST /v1/file/ HTTP/1.1 400 223.0116ms "Mozilla/5.0 (Windows NT 10.0; Win64; x64) AppleWebKit/537.36 (KHTML, like Gecko) Chrome/99.0.4844.51 Safari/537.36" "
[GIN] 2022/03/09 - 13:23:09 | 400 |    223.0116ms |             ::1 | POST     "/v1/file/"
::1 - [Wed, 09 Mar 2022 13:24:08 +07] "OPTIONS /v1/file HTTP/1.1 204 0s "Mozilla/5.0 (Windows NT 10.0; Win64; x64) AppleWebKit/537.36 (KHTML, like Gecko) Chrome/99.0.4844.51 Safari/537.36" "
[GIN] 2022/03/09 - 13:24:08 | 204 |            0s |             ::1 | OPTIONS  "/v1/file"
[GIN-debug] redirecting request 307: /v1/file/ --> /v1/file/
::1 - [Wed, 09 Mar 2022 13:24:08 +07] "OPTIONS /v1/file/ HTTP/1.1 204 0s "Mozilla/5.0 (Windows NT 10.0; Win64; x64) AppleWebKit/537.36 (KHTML, like Gecko) Chrome/99.0.4844.51 Safari/537.36" "
[GIN] 2022/03/09 - 13:24:08 | 204 |            0s |             ::1 | OPTIONS  "/v1/file/"
[GIN-debug] error on parse multipart form array: no multipart boundary param in Content-Type
::1 - [Wed, 09 Mar 2022 13:24:08 +07] "POST /v1/file/ HTTP/1.1 400 804µs "Mozilla/5.0 (Windows NT 10.0; Win64; x64) AppleWebKit/537.36 (KHTML, like Gecko) Chrome/99.0.4844.51 Safari/537.36" "
[GIN] 2022/03/09 - 13:24:08 | 400 |         804µs |             ::1 | POST     "/v1/file/"
[GIN-debug] redirecting request 307: /v1/file/ --> /v1/file/
::1 - [Wed, 09 Mar 2022 13:27:17 +07] "POST /v1/file/ HTTP/1.1 400 87.1478ms "PostmanRuntime/7.26.8" "
[GIN] 2022/03/09 - 13:27:17 | 400 |     87.1478ms |             ::1 | POST     "/v1/file/"
::1 - [Wed, 09 Mar 2022 13:45:56 +07] "OPTIONS /v1/user/login HTTP/1.1 204 139.7665ms "Mozilla/5.0 (Windows NT 10.0; Win64; x64) AppleWebKit/537.36 (KHTML, like Gecko) Chrome/99.0.4844.51 Safari/537.36" "
[GIN] 2022/03/09 - 13:45:57 | 204 |    287.9274ms |             ::1 | OPTIONS  "/v1/user/login"
::1 - [Wed, 09 Mar 2022 13:46:02 +07] "POST /v1/user/login HTTP/1.1 200 5.4464078s "Mozilla/5.0 (Windows NT 10.0; Win64; x64) AppleWebKit/537.36 (KHTML, like Gecko) Chrome/99.0.4844.51 Safari/537.36" "
[GIN] 2022/03/09 - 13:46:02 | 200 |    5.4464078s |             ::1 | POST     "/v1/user/login"
::1 - [Wed, 09 Mar 2022 13:46:04 +07] "OPTIONS /v1/timesheets HTTP/1.1 204 0s "Mozilla/5.0 (Windows NT 10.0; Win64; x64) AppleWebKit/537.36 (KHTML, like Gecko) Chrome/99.0.4844.51 Safari/537.36" "
[GIN] 2022/03/09 - 13:46:04 | 204 |      6.1081ms |             ::1 | OPTIONS  "/v1/timesheets"
::1 - [Wed, 09 Mar 2022 13:46:05 +07] "OPTIONS /v1/timesheets/ HTTP/1.1 204 0s "Mozilla/5.0 (Windows NT 10.0; Win64; x64) AppleWebKit/537.36 (KHTML, like Gecko) Chrome/99.0.4844.51 Safari/537.36" "
[GIN] 2022/03/09 - 13:46:05 | 204 |            0s |             ::1 | OPTIONS  "/v1/timesheets/"
::1 - [Wed, 09 Mar 2022 13:46:05 +07] "GET /v1/timesheets/ HTTP/1.1 200 844.2159ms "Mozilla/5.0 (Windows NT 10.0; Win64; x64) AppleWebKit/537.36 (KHTML, like Gecko) Chrome/99.0.4844.51 Safari/537.36" "
[GIN] 2022/03/09 - 13:46:05 | 200 |    844.2159ms |             ::1 | GET      "/v1/timesheets/"
::1 - [Wed, 09 Mar 2022 13:46:54 +07] "OPTIONS /v1/file HTTP/1.1 204 0s "Mozilla/5.0 (Windows NT 10.0; Win64; x64) AppleWebKit/537.36 (KHTML, like Gecko) Chrome/99.0.4844.51 Safari/537.36" "
[GIN] 2022/03/09 - 13:46:54 | 204 |     99.8223ms |             ::1 | OPTIONS  "/v1/file"
[GIN-debug] redirecting request 307: /v1/file/ --> /v1/file/
::1 - [Wed, 09 Mar 2022 13:46:55 +07] "OPTIONS /v1/file/ HTTP/1.1 204 0s "Mozilla/5.0 (Windows NT 10.0; Win64; x64) AppleWebKit/537.36 (KHTML, like Gecko) Chrome/99.0.4844.51 Safari/537.36" "
[GIN] 2022/03/09 - 13:46:55 | 204 |            0s |             ::1 | OPTIONS  "/v1/file/"
::1 - [Wed, 09 Mar 2022 13:46:55 +07] "POST /v1/file/ HTTP/1.1 400 29.6806ms "Mozilla/5.0 (Windows NT 10.0; Win64; x64) AppleWebKit/537.36 (KHTML, like Gecko) Chrome/99.0.4844.51 Safari/537.36" "
[GIN] 2022/03/09 - 13:46:55 | 400 |     29.6806ms |             ::1 | POST     "/v1/file/"
::1 - [Wed, 09 Mar 2022 13:58:47 +07] "OPTIONS /v1/user/login HTTP/1.1 204 166.1441ms "Mozilla/5.0 (Windows NT 10.0; Win64; x64) AppleWebKit/537.36 (KHTML, like Gecko) Chrome/99.0.4844.51 Safari/537.36" "
[GIN] 2022/03/09 - 13:58:47 | 204 |    221.1808ms |             ::1 | OPTIONS  "/v1/user/login"
::1 - [Wed, 09 Mar 2022 13:58:49 +07] "POST /v1/user/login HTTP/1.1 200 1.9379024s "Mozilla/5.0 (Windows NT 10.0; Win64; x64) AppleWebKit/537.36 (KHTML, like Gecko) Chrome/99.0.4844.51 Safari/537.36" "
[GIN] 2022/03/09 - 13:58:49 | 200 |    1.9379024s |             ::1 | POST     "/v1/user/login"
::1 - [Wed, 09 Mar 2022 13:58:50 +07] "OPTIONS /v1/timesheets HTTP/1.1 204 0s "Mozilla/5.0 (Windows NT 10.0; Win64; x64) AppleWebKit/537.36 (KHTML, like Gecko) Chrome/99.0.4844.51 Safari/537.36" "
[GIN] 2022/03/09 - 13:58:50 | 204 |            0s |             ::1 | OPTIONS  "/v1/timesheets"
::1 - [Wed, 09 Mar 2022 13:58:51 +07] "OPTIONS /v1/timesheets/ HTTP/1.1 204 44.0024ms "Mozilla/5.0 (Windows NT 10.0; Win64; x64) AppleWebKit/537.36 (KHTML, like Gecko) Chrome/99.0.4844.51 Safari/537.36" "
[GIN] 2022/03/09 - 13:58:51 | 204 |     44.0024ms |             ::1 | OPTIONS  "/v1/timesheets/"
::1 - [Wed, 09 Mar 2022 13:58:51 +07] "GET /v1/timesheets/ HTTP/1.1 200 126.3924ms "Mozilla/5.0 (Windows NT 10.0; Win64; x64) AppleWebKit/537.36 (KHTML, like Gecko) Chrome/99.0.4844.51 Safari/537.36" "
[GIN] 2022/03/09 - 13:58:51 | 200 |    127.3947ms |             ::1 | GET      "/v1/timesheets/"
::1 - [Wed, 09 Mar 2022 13:59:03 +07] "OPTIONS /v1/file HTTP/1.1 204 992.6µs "Mozilla/5.0 (Windows NT 10.0; Win64; x64) AppleWebKit/537.36 (KHTML, like Gecko) Chrome/99.0.4844.51 Safari/537.36" "
[GIN] 2022/03/09 - 13:59:03 | 204 |       992.6µs |             ::1 | OPTIONS  "/v1/file"
[GIN-debug] redirecting request 307: /v1/file/ --> /v1/file/
::1 - [Wed, 09 Mar 2022 13:59:03 +07] "OPTIONS /v1/file/ HTTP/1.1 204 0s "Mozilla/5.0 (Windows NT 10.0; Win64; x64) AppleWebKit/537.36 (KHTML, like Gecko) Chrome/99.0.4844.51 Safari/537.36" "
[GIN] 2022/03/09 - 13:59:03 | 204 |     12.5258ms |             ::1 | OPTIONS  "/v1/file/"
[GIN-debug] error on parse multipart form array: no multipart boundary param in Content-Type
::1 - [Wed, 09 Mar 2022 13:59:03 +07] "POST /v1/file/ HTTP/1.1 400 145.9866ms "Mozilla/5.0 (Windows NT 10.0; Win64; x64) AppleWebKit/537.36 (KHTML, like Gecko) Chrome/99.0.4844.51 Safari/537.36" "
[GIN] 2022/03/09 - 13:59:03 | 400 |    237.4181ms |             ::1 | POST     "/v1/file/"
::1 - [Wed, 09 Mar 2022 14:05:12 +07] "OPTIONS /v1/user/login HTTP/1.1 204 35.9992ms "Mozilla/5.0 (Windows NT 10.0; Win64; x64) AppleWebKit/537.36 (KHTML, like Gecko) Chrome/99.0.4844.51 Safari/537.36" "
[GIN] 2022/03/09 - 14:05:12 | 204 |     37.0016ms |             ::1 | OPTIONS  "/v1/user/login"
::1 - [Wed, 09 Mar 2022 14:05:13 +07] "POST /v1/user/login HTTP/1.1 200 393.4345ms "Mozilla/5.0 (Windows NT 10.0; Win64; x64) AppleWebKit/537.36 (KHTML, like Gecko) Chrome/99.0.4844.51 Safari/537.36" "
[GIN] 2022/03/09 - 14:05:13 | 200 |    393.4345ms |             ::1 | POST     "/v1/user/login"
::1 - [Wed, 09 Mar 2022 14:05:14 +07] "OPTIONS /v1/timesheets HTTP/1.1 204 0s "Mozilla/5.0 (Windows NT 10.0; Win64; x64) AppleWebKit/537.36 (KHTML, like Gecko) Chrome/99.0.4844.51 Safari/537.36" "
[GIN] 2022/03/09 - 14:05:14 | 204 |            0s |             ::1 | OPTIONS  "/v1/timesheets"
::1 - [Wed, 09 Mar 2022 14:05:15 +07] "OPTIONS /v1/timesheets/ HTTP/1.1 204 0s "Mozilla/5.0 (Windows NT 10.0; Win64; x64) AppleWebKit/537.36 (KHTML, like Gecko) Chrome/99.0.4844.51 Safari/537.36" "
[GIN] 2022/03/09 - 14:05:15 | 204 |            0s |             ::1 | OPTIONS  "/v1/timesheets/"
::1 - [Wed, 09 Mar 2022 14:05:15 +07] "GET /v1/timesheets/ HTTP/1.1 200 17.9975ms "Mozilla/5.0 (Windows NT 10.0; Win64; x64) AppleWebKit/537.36 (KHTML, like Gecko) Chrome/99.0.4844.51 Safari/537.36" "
[GIN] 2022/03/09 - 14:05:15 | 200 |     17.9975ms |             ::1 | GET      "/v1/timesheets/"
::1 - [Wed, 09 Mar 2022 14:08:03 +07] "OPTIONS /v1/file HTTP/1.1 204 0s "Mozilla/5.0 (Windows NT 10.0; Win64; x64) AppleWebKit/537.36 (KHTML, like Gecko) Chrome/99.0.4844.51 Safari/537.36" "
[GIN] 2022/03/09 - 14:08:03 | 204 |            0s |             ::1 | OPTIONS  "/v1/file"
[GIN-debug] redirecting request 307: /v1/file/ --> /v1/file/
::1 - [Wed, 09 Mar 2022 14:08:03 +07] "OPTIONS /v1/file/ HTTP/1.1 204 0s "Mozilla/5.0 (Windows NT 10.0; Win64; x64) AppleWebKit/537.36 (KHTML, like Gecko) Chrome/99.0.4844.51 Safari/537.36" "
[GIN] 2022/03/09 - 14:08:03 | 204 |            0s |             ::1 | OPTIONS  "/v1/file/"
[GIN-debug] error on parse multipart form array: no multipart boundary param in Content-Type
::1 - [Wed, 09 Mar 2022 14:08:03 +07] "POST /v1/file/ HTTP/1.1 400 1.9999ms "Mozilla/5.0 (Windows NT 10.0; Win64; x64) AppleWebKit/537.36 (KHTML, like Gecko) Chrome/99.0.4844.51 Safari/537.36" "
[GIN] 2022/03/09 - 14:08:03 | 400 |      1.9999ms |             ::1 | POST     "/v1/file/"
::1 - [Wed, 09 Mar 2022 14:09:19 +07] "OPTIONS /v1/user/login HTTP/1.1 204 0s "Mozilla/5.0 (Windows NT 10.0; Win64; x64) AppleWebKit/537.36 (KHTML, like Gecko) Chrome/99.0.4844.51 Safari/537.36" "
[GIN] 2022/03/09 - 14:09:19 | 204 |            0s |             ::1 | OPTIONS  "/v1/user/login"
::1 - [Wed, 09 Mar 2022 14:09:19 +07] "POST /v1/user/login HTTP/1.1 200 506.7745ms "Mozilla/5.0 (Windows NT 10.0; Win64; x64) AppleWebKit/537.36 (KHTML, like Gecko) Chrome/99.0.4844.51 Safari/537.36" "
[GIN] 2022/03/09 - 14:09:19 | 200 |    506.7745ms |             ::1 | POST     "/v1/user/login"
::1 - [Wed, 09 Mar 2022 14:09:21 +07] "OPTIONS /v1/timesheets HTTP/1.1 204 0s "Mozilla/5.0 (Windows NT 10.0; Win64; x64) AppleWebKit/537.36 (KHTML, like Gecko) Chrome/99.0.4844.51 Safari/537.36" "
[GIN] 2022/03/09 - 14:09:21 | 204 |      2.0043ms |             ::1 | OPTIONS  "/v1/timesheets"
::1 - [Wed, 09 Mar 2022 14:09:22 +07] "OPTIONS /v1/timesheets/ HTTP/1.1 204 0s "Mozilla/5.0 (Windows NT 10.0; Win64; x64) AppleWebKit/537.36 (KHTML, like Gecko) Chrome/99.0.4844.51 Safari/537.36" "
[GIN] 2022/03/09 - 14:09:22 | 204 |            0s |             ::1 | OPTIONS  "/v1/timesheets/"
::1 - [Wed, 09 Mar 2022 14:09:23 +07] "GET /v1/timesheets/ HTTP/1.1 200 1.4506486s "Mozilla/5.0 (Windows NT 10.0; Win64; x64) AppleWebKit/537.36 (KHTML, like Gecko) Chrome/99.0.4844.51 Safari/537.36" "
[GIN] 2022/03/09 - 14:09:23 | 200 |    1.4506486s |             ::1 | GET      "/v1/timesheets/"
::1 - [Wed, 09 Mar 2022 14:11:21 +07] "OPTIONS /v1/file HTTP/1.1 204 0s "Mozilla/5.0 (Windows NT 10.0; Win64; x64) AppleWebKit/537.36 (KHTML, like Gecko) Chrome/99.0.4844.51 Safari/537.36" "
[GIN] 2022/03/09 - 14:11:21 | 204 |            0s |             ::1 | OPTIONS  "/v1/file"
[GIN-debug] redirecting request 307: /v1/file/ --> /v1/file/
::1 - [Wed, 09 Mar 2022 14:11:21 +07] "OPTIONS /v1/file/ HTTP/1.1 204 0s "Mozilla/5.0 (Windows NT 10.0; Win64; x64) AppleWebKit/537.36 (KHTML, like Gecko) Chrome/99.0.4844.51 Safari/537.36" "
[GIN] 2022/03/09 - 14:11:21 | 204 |       998.1µs |             ::1 | OPTIONS  "/v1/file/"
[GIN-debug] error on parse multipart form array: no multipart boundary param in Content-Type
::1 - [Wed, 09 Mar 2022 14:11:22 +07] "POST /v1/file/ HTTP/1.1 400 49.9702ms "Mozilla/5.0 (Windows NT 10.0; Win64; x64) AppleWebKit/537.36 (KHTML, like Gecko) Chrome/99.0.4844.51 Safari/537.36" "
[GIN] 2022/03/09 - 14:11:22 | 400 |     49.9702ms |             ::1 | POST     "/v1/file/"
::1 - [Wed, 09 Mar 2022 14:11:51 +07] "OPTIONS /v1/user/login HTTP/1.1 204 0s "Mozilla/5.0 (Windows NT 10.0; Win64; x64) AppleWebKit/537.36 (KHTML, like Gecko) Chrome/99.0.4844.51 Safari/537.36" "
[GIN] 2022/03/09 - 14:11:51 | 204 |            0s |             ::1 | OPTIONS  "/v1/user/login"
::1 - [Wed, 09 Mar 2022 14:11:52 +07] "POST /v1/user/login HTTP/1.1 200 400.5863ms "Mozilla/5.0 (Windows NT 10.0; Win64; x64) AppleWebKit/537.36 (KHTML, like Gecko) Chrome/99.0.4844.51 Safari/537.36" "
[GIN] 2022/03/09 - 14:11:52 | 200 |    401.5907ms |             ::1 | POST     "/v1/user/login"
::1 - [Wed, 09 Mar 2022 14:11:53 +07] "OPTIONS /v1/timesheets HTTP/1.1 204 0s "Mozilla/5.0 (Windows NT 10.0; Win64; x64) AppleWebKit/537.36 (KHTML, like Gecko) Chrome/99.0.4844.51 Safari/537.36" "
[GIN] 2022/03/09 - 14:11:53 | 204 |       994.7µs |             ::1 | OPTIONS  "/v1/timesheets"
::1 - [Wed, 09 Mar 2022 14:11:53 +07] "OPTIONS /v1/timesheets/ HTTP/1.1 204 0s "Mozilla/5.0 (Windows NT 10.0; Win64; x64) AppleWebKit/537.36 (KHTML, like Gecko) Chrome/99.0.4844.51 Safari/537.36" "
[GIN] 2022/03/09 - 14:11:53 | 204 |            0s |             ::1 | OPTIONS  "/v1/timesheets/"
::1 - [Wed, 09 Mar 2022 14:11:53 +07] "GET /v1/timesheets/ HTTP/1.1 200 23.9865ms "Mozilla/5.0 (Windows NT 10.0; Win64; x64) AppleWebKit/537.36 (KHTML, like Gecko) Chrome/99.0.4844.51 Safari/537.36" "
[GIN] 2022/03/09 - 14:11:53 | 200 |     23.9865ms |             ::1 | GET      "/v1/timesheets/"
::1 - [Wed, 09 Mar 2022 14:13:03 +07] "OPTIONS /v1/file HTTP/1.1 204 0s "Mozilla/5.0 (Windows NT 10.0; Win64; x64) AppleWebKit/537.36 (KHTML, like Gecko) Chrome/99.0.4844.51 Safari/537.36" "
[GIN] 2022/03/09 - 14:13:03 | 204 |       998.7µs |             ::1 | OPTIONS  "/v1/file"
[GIN-debug] redirecting request 307: /v1/file/ --> /v1/file/
::1 - [Wed, 09 Mar 2022 14:13:03 +07] "OPTIONS /v1/file/ HTTP/1.1 204 0s "Mozilla/5.0 (Windows NT 10.0; Win64; x64) AppleWebKit/537.36 (KHTML, like Gecko) Chrome/99.0.4844.51 Safari/537.36" "
[GIN] 2022/03/09 - 14:13:03 | 204 |            0s |             ::1 | OPTIONS  "/v1/file/"
[GIN-debug] error on parse multipart form array: no multipart boundary param in Content-Type
::1 - [Wed, 09 Mar 2022 14:13:03 +07] "POST /v1/file/ HTTP/1.1 400 9.8986ms "Mozilla/5.0 (Windows NT 10.0; Win64; x64) AppleWebKit/537.36 (KHTML, like Gecko) Chrome/99.0.4844.51 Safari/537.36" "
[GIN] 2022/03/09 - 14:13:03 | 400 |      9.8986ms |             ::1 | POST     "/v1/file/"
::1 - [Wed, 09 Mar 2022 14:18:01 +07] "OPTIONS /v1/user/login HTTP/1.1 204 11.0455ms "Mozilla/5.0 (Windows NT 10.0; Win64; x64) AppleWebKit/537.36 (KHTML, like Gecko) Chrome/99.0.4844.51 Safari/537.36" "
[GIN] 2022/03/09 - 14:18:01 | 204 |     12.0016ms |             ::1 | OPTIONS  "/v1/user/login"
::1 - [Wed, 09 Mar 2022 14:18:02 +07] "POST /v1/user/login HTTP/1.1 200 516.202ms "Mozilla/5.0 (Windows NT 10.0; Win64; x64) AppleWebKit/537.36 (KHTML, like Gecko) Chrome/99.0.4844.51 Safari/537.36" "
[GIN] 2022/03/09 - 14:18:02 | 200 |     516.202ms |             ::1 | POST     "/v1/user/login"
::1 - [Wed, 09 Mar 2022 14:18:03 +07] "OPTIONS /v1/timesheets HTTP/1.1 204 0s "Mozilla/5.0 (Windows NT 10.0; Win64; x64) AppleWebKit/537.36 (KHTML, like Gecko) Chrome/99.0.4844.51 Safari/537.36" "
[GIN] 2022/03/09 - 14:18:03 | 204 |            0s |             ::1 | OPTIONS  "/v1/timesheets"
::1 - [Wed, 09 Mar 2022 14:18:04 +07] "OPTIONS /v1/timesheets/ HTTP/1.1 204 0s "Mozilla/5.0 (Windows NT 10.0; Win64; x64) AppleWebKit/537.36 (KHTML, like Gecko) Chrome/99.0.4844.51 Safari/537.36" "
[GIN] 2022/03/09 - 14:18:04 | 204 |            0s |             ::1 | OPTIONS  "/v1/timesheets/"
::1 - [Wed, 09 Mar 2022 14:18:04 +07] "GET /v1/timesheets/ HTTP/1.1 200 35.5353ms "Mozilla/5.0 (Windows NT 10.0; Win64; x64) AppleWebKit/537.36 (KHTML, like Gecko) Chrome/99.0.4844.51 Safari/537.36" "
[GIN] 2022/03/09 - 14:18:04 | 200 |     35.5353ms |             ::1 | GET      "/v1/timesheets/"
::1 - [Wed, 09 Mar 2022 14:19:16 +07] "OPTIONS /v1/file HTTP/1.1 204 993.2µs "Mozilla/5.0 (Windows NT 10.0; Win64; x64) AppleWebKit/537.36 (KHTML, like Gecko) Chrome/99.0.4844.51 Safari/537.36" "
[GIN] 2022/03/09 - 14:19:16 | 204 |     26.0751ms |             ::1 | OPTIONS  "/v1/file"
[GIN-debug] redirecting request 307: /v1/file/ --> /v1/file/
::1 - [Wed, 09 Mar 2022 14:19:16 +07] "OPTIONS /v1/file/ HTTP/1.1 204 0s "Mozilla/5.0 (Windows NT 10.0; Win64; x64) AppleWebKit/537.36 (KHTML, like Gecko) Chrome/99.0.4844.51 Safari/537.36" "
[GIN] 2022/03/09 - 14:19:16 | 204 |            0s |             ::1 | OPTIONS  "/v1/file/"
[GIN-debug] error on parse multipart form array: no multipart boundary param in Content-Type
::1 - [Wed, 09 Mar 2022 14:19:16 +07] "POST /v1/file/ HTTP/1.1 400 999.9µs "Mozilla/5.0 (Windows NT 10.0; Win64; x64) AppleWebKit/537.36 (KHTML, like Gecko) Chrome/99.0.4844.51 Safari/537.36" "
[GIN] 2022/03/09 - 14:19:16 | 400 |       999.9µs |             ::1 | POST     "/v1/file/"
::1 - [Wed, 09 Mar 2022 14:32:15 +07] "OPTIONS /v1/file HTTP/1.1 204 1.0032ms "Mozilla/5.0 (Windows NT 10.0; Win64; x64) AppleWebKit/537.36 (KHTML, like Gecko) Chrome/99.0.4844.51 Safari/537.36" "
[GIN] 2022/03/09 - 14:32:15 | 204 |      8.9968ms |             ::1 | OPTIONS  "/v1/file"
[GIN-debug] redirecting request 307: /v1/file/ --> /v1/file/
::1 - [Wed, 09 Mar 2022 14:32:15 +07] "OPTIONS /v1/file/ HTTP/1.1 204 0s "Mozilla/5.0 (Windows NT 10.0; Win64; x64) AppleWebKit/537.36 (KHTML, like Gecko) Chrome/99.0.4844.51 Safari/537.36" "
[GIN] 2022/03/09 - 14:32:15 | 204 |            0s |             ::1 | OPTIONS  "/v1/file/"
[GIN-debug] error on parse multipart form array: no multipart boundary param in Content-Type
::1 - [Wed, 09 Mar 2022 14:32:15 +07] "POST /v1/file/ HTTP/1.1 400 3.8076ms "Mozilla/5.0 (Windows NT 10.0; Win64; x64) AppleWebKit/537.36 (KHTML, like Gecko) Chrome/99.0.4844.51 Safari/537.36" "
[GIN] 2022/03/09 - 14:32:15 | 400 |      3.8076ms |             ::1 | POST     "/v1/file/"
::1 - [Wed, 09 Mar 2022 14:48:58 +07] "OPTIONS /v1/user/login HTTP/1.1 204 999.9µs "Mozilla/5.0 (Windows NT 10.0; Win64; x64) AppleWebKit/537.36 (KHTML, like Gecko) Chrome/99.0.4844.51 Safari/537.36" "
[GIN] 2022/03/09 - 14:49:01 | 204 |    2.9701688s |             ::1 | OPTIONS  "/v1/user/login"
::1 - [Wed, 09 Mar 2022 14:49:10 +07] "POST /v1/user/login HTTP/1.1 200 7.1226958s "Mozilla/5.0 (Windows NT 10.0; Win64; x64) AppleWebKit/537.36 (KHTML, like Gecko) Chrome/99.0.4844.51 Safari/537.36" "
[GIN] 2022/03/09 - 14:49:10 | 200 |    7.1226958s |             ::1 | POST     "/v1/user/login"
::1 - [Wed, 09 Mar 2022 14:49:12 +07] "OPTIONS /v1/timesheets HTTP/1.1 204 0s "Mozilla/5.0 (Windows NT 10.0; Win64; x64) AppleWebKit/537.36 (KHTML, like Gecko) Chrome/99.0.4844.51 Safari/537.36" "
[GIN] 2022/03/09 - 14:49:12 | 204 |       980.3µs |             ::1 | OPTIONS  "/v1/timesheets"
::1 - [Wed, 09 Mar 2022 14:49:12 +07] "OPTIONS /v1/timesheets/ HTTP/1.1 204 12.2992ms "Mozilla/5.0 (Windows NT 10.0; Win64; x64) AppleWebKit/537.36 (KHTML, like Gecko) Chrome/99.0.4844.51 Safari/537.36" "
[GIN] 2022/03/09 - 14:49:12 | 204 |     20.3524ms |             ::1 | OPTIONS  "/v1/timesheets/"
::1 - [Wed, 09 Mar 2022 14:49:13 +07] "GET /v1/timesheets/ HTTP/1.1 200 208.1058ms "Mozilla/5.0 (Windows NT 10.0; Win64; x64) AppleWebKit/537.36 (KHTML, like Gecko) Chrome/99.0.4844.51 Safari/537.36" "
[GIN] 2022/03/09 - 14:49:13 | 200 |    208.1058ms |             ::1 | GET      "/v1/timesheets/"
::1 - [Wed, 09 Mar 2022 14:52:10 +07] "OPTIONS /v1/file HTTP/1.1 204 0s "Mozilla/5.0 (Windows NT 10.0; Win64; x64) AppleWebKit/537.36 (KHTML, like Gecko) Chrome/99.0.4844.51 Safari/537.36" "
[GIN] 2022/03/09 - 14:52:10 | 204 |      1.0029ms |             ::1 | OPTIONS  "/v1/file"
[GIN-debug] redirecting request 307: /v1/file/ --> /v1/file/
::1 - [Wed, 09 Mar 2022 14:52:10 +07] "OPTIONS /v1/file/ HTTP/1.1 204 12.7767ms "Mozilla/5.0 (Windows NT 10.0; Win64; x64) AppleWebKit/537.36 (KHTML, like Gecko) Chrome/99.0.4844.51 Safari/537.36" "
[GIN] 2022/03/09 - 14:52:10 | 204 |     13.8633ms |             ::1 | OPTIONS  "/v1/file/"
::1 - [Wed, 09 Mar 2022 14:52:16 +07] "POST /v1/file/ HTTP/1.1 201 5.4008711s "Mozilla/5.0 (Windows NT 10.0; Win64; x64) AppleWebKit/537.36 (KHTML, like Gecko) Chrome/99.0.4844.51 Safari/537.36" "
[GIN] 2022/03/09 - 14:52:16 | 201 |    5.4008711s |             ::1 | POST     "/v1/file/"
[GIN-debug] redirecting request 301: /v1/file/ --> /v1/file/
::1 - [Wed, 09 Mar 2022 14:56:35 +07] "GET /v1/file/ HTTP/1.1 200 522.1152ms "PostmanRuntime/7.26.8" "
[GIN] 2022/03/09 - 14:56:35 | 200 |    522.1152ms |             ::1 | GET      "/v1/file/"
